Determining if the pthread_create exist failed with the following output:
Change Dir: /home/ljb2208/development/slam/build/CMakeFiles/CMakeTmp

Run Build Command:"/usr/bin/make" "cmTC_a3415/fast"
/usr/bin/make -f CMakeFiles/cmTC_a3415.dir/build.make CMakeFiles/cmTC_a3415.dir/build
make[1]: Entering directory '/home/ljb2208/development/slam/build/CMakeFiles/CMakeTmp'
Building C object CMakeFiles/cmTC_a3415.dir/CheckSymbolExists.c.o
/usr/bin/cc     -o CMakeFiles/cmTC_a3415.dir/CheckSymbolExists.c.o   -c /home/ljb2208/development/slam/build/CMakeFiles/CMakeTmp/CheckSymbolExists.c
Linking C executable cmTC_a3415
/usr/bin/cmake -E cmake_link_script CMakeFiles/cmTC_a3415.dir/link.txt --verbose=1
/usr/bin/cc       CMakeFiles/cmTC_a3415.dir/CheckSymbolExists.c.o  -o cmTC_a3415 -rdynamic 
CMakeFiles/cmTC_a3415.dir/CheckSymbolExists.c.o: In function `main':
CheckSymbolExists.c:(.text+0x16): undefined reference to `pthread_create'
collect2: error: ld returned 1 exit status
CMakeFiles/cmTC_a3415.dir/build.make:97: recipe for target 'cmTC_a3415' failed
make[1]: *** [cmTC_a3415] Error 1
make[1]: Leaving directory '/home/ljb2208/development/slam/build/CMakeFiles/CMakeTmp'
Makefile:126: recipe for target 'cmTC_a3415/fast' failed
make: *** [cmTC_a3415/fast] Error 2

File /home/ljb2208/development/slam/build/CMakeFiles/CMakeTmp/CheckSymbolExists.c:
/* */
#include <pthread.h>

int main(int argc, char** argv)
{
  (void)argv;
#ifndef pthread_create
  return ((int*)(&pthread_create))[argc];
#else
  (void)argc;
  return 0;
#endif
}

Determining if the function pthread_create exists in the pthreads failed with the following output:
Change Dir: /home/ljb2208/development/slam/build/CMakeFiles/CMakeTmp

Run Build Command:"/usr/bin/make" "cmTC_08ecd/fast"
/usr/bin/make -f CMakeFiles/cmTC_08ecd.dir/build.make CMakeFiles/cmTC_08ecd.dir/build
make[1]: Entering directory '/home/ljb2208/development/slam/build/CMakeFiles/CMakeTmp'
Building C object CMakeFiles/cmTC_08ecd.dir/CheckFunctionExists.c.o
/usr/bin/cc    -DCHECK_FUNCTION_EXISTS=pthread_create   -o CMakeFiles/cmTC_08ecd.dir/CheckFunctionExists.c.o   -c /usr/share/cmake-3.5/Modules/CheckFunctionExists.c
Linking C executable cmTC_08ecd
/usr/bin/cmake -E cmake_link_script CMakeFiles/cmTC_08ecd.dir/link.txt --verbose=1
/usr/bin/cc   -DCHECK_FUNCTION_EXISTS=pthread_create    CMakeFiles/cmTC_08ecd.dir/CheckFunctionExists.c.o  -o cmTC_08ecd -rdynamic -lpthreads 
/usr/bin/ld: cannot find -lpthreads
collect2: error: ld returned 1 exit status
CMakeFiles/cmTC_08ecd.dir/build.make:97: recipe for target 'cmTC_08ecd' failed
make[1]: *** [cmTC_08ecd] Error 1
make[1]: Leaving directory '/home/ljb2208/development/slam/build/CMakeFiles/CMakeTmp'
Makefile:126: recipe for target 'cmTC_08ecd/fast' failed
make: *** [cmTC_08ecd/fast] Error 2


